2025-02-25 23:11:58,660 - process - INFO - _udplisten	success
module: __mp_main__
path: d:\workbench\remotecontrolsystem\server\start.py
2025-02-25 23:11:58,662 - process - INFO - _tcplisten	success
module: __mp_main__
path: d:\workbench\remotecontrolsystem\server\start.py
2025-02-25 23:11:59,662 - process - INFO - _task	success
module: core.depend.protocol.udp.broadcastor
path: d:\workbench\remotecontrolsystem\server\core\depend\protocol\udp\broadcastor.py
2025-02-25 23:11:59,753 - process - INFO - _task	success
module: core.depend.protocol.udp.broadcastor
path: d:\workbench\remotecontrolsystem\server\core\depend\protocol\udp\broadcastor.py
2025-02-25 23:11:59,832 - process - INFO - _task	success
module: core.depend.protocol.udp.broadcastor
path: d:\workbench\remotecontrolsystem\server\core\depend\protocol\udp\broadcastor.py
2025-02-25 23:11:59,923 - process - INFO - _task	success
module: core.depend.protocol.udp.broadcastor
path: d:\workbench\remotecontrolsystem\server\core\depend\protocol\udp\broadcastor.py
2025-02-25 23:12:00,017 - process - INFO - _task	success
module: core.depend.protocol.udp.broadcastor
path: d:\workbench\remotecontrolsystem\server\core\depend\protocol\udp\broadcastor.py
2025-02-25 23:12:00,203 - process - INFO - _task	success
module: core.depend.protocol.udp.broadcastor
path: d:\workbench\remotecontrolsystem\server\core\depend\protocol\udp\broadcastor.py
2025-02-25 23:12:00,313 - process - INFO - _task	success
module: core.depend.protocol.udp.broadcastor
path: d:\workbench\remotecontrolsystem\server\core\depend\protocol\udp\broadcastor.py
2025-02-25 23:12:00,437 - process - INFO - _task	success
module: core.depend.protocol.udp.broadcastor
path: d:\workbench\remotecontrolsystem\server\core\depend\protocol\udp\broadcastor.py
2025-02-25 23:12:00,563 - process - INFO - _task	success
module: core.depend.protocol.udp.broadcastor
path: d:\workbench\remotecontrolsystem\server\core\depend\protocol\udp\broadcastor.py
2025-02-25 23:12:00,703 - process - INFO - _task	success
module: core.depend.protocol.udp.broadcastor
path: d:\workbench\remotecontrolsystem\server\core\depend\protocol\udp\broadcastor.py
2025-02-25 23:15:45,668 - process - INFO - _tcplisten	success
module: __mp_main__
path: d:\workbench\remotecontrolsystem\server\start.py
2025-02-25 23:15:45,671 - process - INFO - _udplisten	success
module: __mp_main__
path: d:\workbench\remotecontrolsystem\server\start.py
2025-02-25 23:15:46,771 - process - INFO - _task	success
module: core.depend.protocol.udp.broadcastor
path: d:\workbench\remotecontrolsystem\server\core\depend\protocol\udp\broadcastor.py
2025-02-25 23:15:47,004 - process - INFO - _task	success
module: core.depend.protocol.udp.broadcastor
path: d:\workbench\remotecontrolsystem\server\core\depend\protocol\udp\broadcastor.py
2025-02-25 23:15:47,145 - process - INFO - _task	success
module: core.depend.protocol.udp.broadcastor
path: d:\workbench\remotecontrolsystem\server\core\depend\protocol\udp\broadcastor.py
2025-02-25 23:15:47,208 - process - INFO - _task	success
module: core.depend.protocol.udp.broadcastor
path: d:\workbench\remotecontrolsystem\server\core\depend\protocol\udp\broadcastor.py
2025-02-25 23:15:47,333 - process - INFO - _task	success
module: core.depend.protocol.udp.broadcastor
path: d:\workbench\remotecontrolsystem\server\core\depend\protocol\udp\broadcastor.py
2025-02-25 23:15:47,505 - process - INFO - _task	success
module: core.depend.protocol.udp.broadcastor
path: d:\workbench\remotecontrolsystem\server\core\depend\protocol\udp\broadcastor.py
2025-02-25 23:15:47,679 - process - INFO - _task	success
module: core.depend.protocol.udp.broadcastor
path: d:\workbench\remotecontrolsystem\server\core\depend\protocol\udp\broadcastor.py
2025-02-25 23:15:47,820 - process - INFO - _task	success
module: core.depend.protocol.udp.broadcastor
path: d:\workbench\remotecontrolsystem\server\core\depend\protocol\udp\broadcastor.py
2025-02-25 23:15:47,992 - process - INFO - _task	success
module: core.depend.protocol.udp.broadcastor
path: d:\workbench\remotecontrolsystem\server\core\depend\protocol\udp\broadcastor.py
2025-02-25 23:15:48,134 - process - INFO - _task	success
module: core.depend.protocol.udp.broadcastor
path: d:\workbench\remotecontrolsystem\server\core\depend\protocol\udp\broadcastor.py
