[22920] 20 Dec 00:04:26.192 # oO0OoO0OoO0Oo Redis is starting oO0OoO0OoO0Oo
[22920] 20 Dec 00:04:26.194 # Redis version=5.0.14.1, bits=64, commit=ec77f72d, modified=0, pid=22920, just started
[22920] 20 Dec 00:04:26.194 # Configuration loaded
                _._                                                  
           _.-``__ ''-._                                             
      _.-``    `.  `_.  ''-._           Redis 5.0.14.1 (ec77f72d/0) 64 bit
  .-`` .-```.  ```\/    _.,_ ''-._                                   
 (    '      ,       .-`  | `,    )     Running in standalone mode
 |`-._`-...-` __...-.``-._|'` _.-'|     Port: 6379
 |    `-._   `._    /     _.-'    |     PID: 22920
  `-._    `-._  `-./  _.-'    _.-'                                   
 |`-._`-._    `-.__.-'    _.-'_.-'|                                  
 |    `-._`-._        _.-'_.-'    |           http://redis.io        
  `-._    `-._`-.__.-'_.-'    _.-'                                   
 |`-._`-._    `-.__.-'    _.-'_.-'|                                  
 |    `-._`-._        _.-'_.-'    |                                  
  `-._    `-._`-.__.-'_.-'    _.-'                                   
      `-._    `-.__.-'    _.-'                                       
          `-._        _.-'                                           
              `-.__.-'                                               

[22920] 20 Dec 00:04:26.197 # Server initialized
[22920] 20 Dec 00:04:26.197 * Ready to accept connections
[8888] 20 Dec 00:04:57.641 # oO0OoO0OoO0Oo Redis is starting oO0OoO0OoO0Oo
[8888] 20 Dec 00:04:57.643 # Redis version=5.0.14.1, bits=64, commit=ec77f72d, modified=0, pid=8888, just started
[8888] 20 Dec 00:04:57.643 # Configuration loaded
                _._                                                  
           _.-``__ ''-._                                             
      _.-``    `.  `_.  ''-._           Redis 5.0.14.1 (ec77f72d/0) 64 bit
  .-`` .-```.  ```\/    _.,_ ''-._                                   
 (    '      ,       .-`  | `,    )     Running in standalone mode
 |`-._`-...-` __...-.``-._|'` _.-'|     Port: 6379
 |    `-._   `._    /     _.-'    |     PID: 8888
  `-._    `-._  `-./  _.-'    _.-'                                   
 |`-._`-._    `-.__.-'    _.-'_.-'|                                  
 |    `-._`-._        _.-'_.-'    |           http://redis.io        
  `-._    `-._`-.__.-'_.-'    _.-'                                   
 |`-._`-._    `-.__.-'    _.-'_.-'|                                  
 |    `-._`-._        _.-'_.-'    |                                  
  `-._    `-._`-.__.-'_.-'    _.-'                                   
      `-._    `-.__.-'    _.-'                                       
          `-._        _.-'                                           
              `-.__.-'                                               

[8888] 20 Dec 00:04:57.647 # Server initialized
[8888] 20 Dec 00:04:57.647 * Ready to accept connections
[24052] 20 Dec 00:05:14.541 # oO0OoO0OoO0Oo Redis is starting oO0OoO0OoO0Oo
[24052] 20 Dec 00:05:14.543 # Redis version=5.0.14.1, bits=64, commit=ec77f72d, modified=0, pid=24052, just started
[24052] 20 Dec 00:05:14.543 # Configuration loaded
                _._                                                  
           _.-``__ ''-._                                             
      _.-``    `.  `_.  ''-._           Redis 5.0.14.1 (ec77f72d/0) 64 bit
  .-`` .-```.  ```\/    _.,_ ''-._                                   
 (    '      ,       .-`  | `,    )     Running in standalone mode
 |`-._`-...-` __...-.``-._|'` _.-'|     Port: 6379
 |    `-._   `._    /     _.-'    |     PID: 24052
  `-._    `-._  `-./  _.-'    _.-'                                   
 |`-._`-._    `-.__.-'    _.-'_.-'|                                  
 |    `-._`-._        _.-'_.-'    |           http://redis.io        
  `-._    `-._`-.__.-'_.-'    _.-'                                   
 |`-._`-._    `-.__.-'    _.-'_.-'|                                  
 |    `-._`-._        _.-'_.-'    |                                  
  `-._    `-._`-.__.-'_.-'    _.-'                                   
      `-._    `-.__.-'    _.-'                                       
          `-._        _.-'                                           
              `-.__.-'                                               

[24052] 20 Dec 00:05:14.547 # Server initialized
[24052] 20 Dec 00:05:14.547 * Ready to accept connections
[24052] 20 Dec 00:05:44.827 # User requested shutdown...
[24052] 20 Dec 00:05:44.827 # Redis is now ready to exit, bye bye...
[13572] 20 Dec 00:06:11.308 # oO0OoO0OoO0Oo Redis is starting oO0OoO0OoO0Oo
[13572] 20 Dec 00:06:11.311 # Redis version=5.0.14.1, bits=64, commit=ec77f72d, modified=0, pid=13572, just started
[13572] 20 Dec 00:06:11.311 # Configuration loaded
                _._                                                  
           _.-``__ ''-._                                             
      _.-``    `.  `_.  ''-._           Redis 5.0.14.1 (ec77f72d/0) 64 bit
  .-`` .-```.  ```\/    _.,_ ''-._                                   
 (    '      ,       .-`  | `,    )     Running in standalone mode
 |`-._`-...-` __...-.``-._|'` _.-'|     Port: 6379
 |    `-._   `._    /     _.-'    |     PID: 13572
  `-._    `-._  `-./  _.-'    _.-'                                   
 |`-._`-._    `-.__.-'    _.-'_.-'|                                  
 |    `-._`-._        _.-'_.-'    |           http://redis.io        
  `-._    `-._`-.__.-'_.-'    _.-'                                   
 |`-._`-._    `-.__.-'    _.-'_.-'|                                  
 |    `-._`-._        _.-'_.-'    |                                  
  `-._    `-._`-.__.-'_.-'    _.-'                                   
      `-._    `-.__.-'    _.-'                                       
          `-._        _.-'                                           
              `-.__.-'                                               

[13572] 20 Dec 00:06:11.315 # Server initialized
[13572] 20 Dec 00:06:11.315 * Ready to accept connections
[13572] 20 Dec 00:06:22.903 # User requested shutdown...
[13572] 20 Dec 00:06:22.903 # Redis is now ready to exit, bye bye...
[22256] 20 Dec 00:06:31.766 # oO0OoO0OoO0Oo Redis is starting oO0OoO0OoO0Oo
[22256] 20 Dec 00:06:31.767 # Redis version=5.0.14.1, bits=64, commit=ec77f72d, modified=0, pid=22256, just started
[22256] 20 Dec 00:06:31.768 # Configuration loaded
                _._                                                  
           _.-``__ ''-._                                             
      _.-``    `.  `_.  ''-._           Redis 5.0.14.1 (ec77f72d/0) 64 bit
  .-`` .-```.  ```\/    _.,_ ''-._                                   
 (    '      ,       .-`  | `,    )     Running in standalone mode
 |`-._`-...-` __...-.``-._|'` _.-'|     Port: 6379
 |    `-._   `._    /     _.-'    |     PID: 22256
  `-._    `-._  `-./  _.-'    _.-'                                   
 |`-._`-._    `-.__.-'    _.-'_.-'|                                  
 |    `-._`-._        _.-'_.-'    |           http://redis.io        
  `-._    `-._`-.__.-'_.-'    _.-'                                   
 |`-._`-._    `-.__.-'    _.-'_.-'|                                  
 |    `-._`-._        _.-'_.-'    |                                  
  `-._    `-._`-.__.-'_.-'    _.-'                                   
      `-._    `-.__.-'    _.-'                                       
          `-._        _.-'                                           
              `-.__.-'                                               

[22256] 20 Dec 00:06:31.772 # Server initialized
[22256] 20 Dec 00:06:31.773 * Ready to accept connections
[22256] 20 Dec 00:06:50.983 # User requested shutdown...
[22256] 20 Dec 00:06:50.984 # Redis is now ready to exit, bye bye...
[20424] 20 Dec 00:08:07.802 # oO0OoO0OoO0Oo Redis is starting oO0OoO0OoO0Oo
[20424] 20 Dec 00:08:07.805 # Redis version=5.0.14.1, bits=64, commit=ec77f72d, modified=0, pid=20424, just started
[20424] 20 Dec 00:08:07.805 # Configuration loaded
                _._                                                  
           _.-``__ ''-._                                             
      _.-``    `.  `_.  ''-._           Redis 5.0.14.1 (ec77f72d/0) 64 bit
  .-`` .-```.  ```\/    _.,_ ''-._                                   
 (    '      ,       .-`  | `,    )     Running in standalone mode
 |`-._`-...-` __...-.``-._|'` _.-'|     Port: 6379
 |    `-._   `._    /     _.-'    |     PID: 20424
  `-._    `-._  `-./  _.-'    _.-'                                   
 |`-._`-._    `-.__.-'    _.-'_.-'|                                  
 |    `-._`-._        _.-'_.-'    |           http://redis.io        
  `-._    `-._`-.__.-'_.-'    _.-'                                   
 |`-._`-._    `-.__.-'    _.-'_.-'|                                  
 |    `-._`-._        _.-'_.-'    |                                  
  `-._    `-._`-.__.-'_.-'    _.-'                                   
      `-._    `-.__.-'    _.-'                                       
          `-._        _.-'                                           
              `-.__.-'                                               

[20424] 20 Dec 00:08:07.810 # Server initialized
[20424] 20 Dec 00:08:07.811 * Ready to accept connections
[20424] 20 Dec 00:08:30.454 # User requested shutdown...
[20424] 20 Dec 00:08:30.454 # Redis is now ready to exit, bye bye...
[23324] 20 Dec 00:11:29.032 # oO0OoO0OoO0Oo Redis is starting oO0OoO0OoO0Oo
[23324] 20 Dec 00:11:29.035 # Redis version=5.0.14.1, bits=64, commit=ec77f72d, modified=0, pid=23324, just started
[23324] 20 Dec 00:11:29.035 # Configuration loaded
                _._                                                  
           _.-``__ ''-._                                             
      _.-``    `.  `_.  ''-._           Redis 5.0.14.1 (ec77f72d/0) 64 bit
  .-`` .-```.  ```\/    _.,_ ''-._                                   
 (    '      ,       .-`  | `,    )     Running in standalone mode
 |`-._`-...-` __...-.``-._|'` _.-'|     Port: 6379
 |    `-._   `._    /     _.-'    |     PID: 23324
  `-._    `-._  `-./  _.-'    _.-'                                   
 |`-._`-._    `-.__.-'    _.-'_.-'|                                  
 |    `-._`-._        _.-'_.-'    |           http://redis.io        
  `-._    `-._`-.__.-'_.-'    _.-'                                   
 |`-._`-._    `-.__.-'    _.-'_.-'|                                  
 |    `-._`-._        _.-'_.-'    |                                  
  `-._    `-._`-.__.-'_.-'    _.-'                                   
      `-._    `-.__.-'    _.-'                                       
          `-._        _.-'                                           
              `-.__.-'                                               

[23324] 20 Dec 00:11:29.038 # Server initialized
[23324] 20 Dec 00:11:29.040 * Ready to accept connections
[22708] 20 Dec 02:10:12.601 # oO0OoO0OoO0Oo Redis is starting oO0OoO0OoO0Oo
[22708] 20 Dec 02:10:12.603 # Redis version=5.0.14.1, bits=64, commit=ec77f72d, modified=0, pid=22708, just started
[22708] 20 Dec 02:10:12.603 # Configuration loaded
                _._                                                  
           _.-``__ ''-._                                             
      _.-``    `.  `_.  ''-._           Redis 5.0.14.1 (ec77f72d/0) 64 bit
  .-`` .-```.  ```\/    _.,_ ''-._                                   
 (    '      ,       .-`  | `,    )     Running in standalone mode
 |`-._`-...-` __...-.``-._|'` _.-'|     Port: 6379
 |    `-._   `._    /     _.-'    |     PID: 22708
  `-._    `-._  `-./  _.-'    _.-'                                   
 |`-._`-._    `-.__.-'    _.-'_.-'|                                  
 |    `-._`-._        _.-'_.-'    |           http://redis.io        
  `-._    `-._`-.__.-'_.-'    _.-'                                   
 |`-._`-._    `-.__.-'    _.-'_.-'|                                  
 |    `-._`-._        _.-'_.-'    |                                  
  `-._    `-._`-.__.-'_.-'    _.-'                                   
      `-._    `-.__.-'    _.-'                                       
          `-._        _.-'                                           
              `-.__.-'                                               

[22708] 20 Dec 02:10:12.607 # Server initialized
[22708] 20 Dec 02:10:12.607 * Ready to accept connections
[22708] 20 Dec 02:13:49.317 # User requested shutdown...
[22708] 20 Dec 02:13:49.318 # Redis is now ready to exit, bye bye...
[1516] 20 Dec 02:17:02.799 # oO0OoO0OoO0Oo Redis is starting oO0OoO0OoO0Oo
[1516] 20 Dec 02:17:02.802 # Redis version=5.0.14.1, bits=64, commit=ec77f72d, modified=0, pid=1516, just started
[1516] 20 Dec 02:17:02.803 # Configuration loaded
                _._                                                  
           _.-``__ ''-._                                             
      _.-``    `.  `_.  ''-._           Redis 5.0.14.1 (ec77f72d/0) 64 bit
  .-`` .-```.  ```\/    _.,_ ''-._                                   
 (    '      ,       .-`  | `,    )     Running in standalone mode
 |`-._`-...-` __...-.``-._|'` _.-'|     Port: 6379
 |    `-._   `._    /     _.-'    |     PID: 1516
  `-._    `-._  `-./  _.-'    _.-'                                   
 |`-._`-._    `-.__.-'    _.-'_.-'|                                  
 |    `-._`-._        _.-'_.-'    |           http://redis.io        
  `-._    `-._`-.__.-'_.-'    _.-'                                   
 |`-._`-._    `-.__.-'    _.-'_.-'|                                  
 |    `-._`-._        _.-'_.-'    |                                  
  `-._    `-._`-.__.-'_.-'    _.-'                                   
      `-._    `-.__.-'    _.-'                                       
          `-._        _.-'                                           
              `-.__.-'                                               

[1516] 20 Dec 02:17:02.807 # Server initialized
[1516] 20 Dec 02:17:02.808 * Ready to accept connections
[1516] 20 Dec 02:17:27.115 # User requested shutdown...
[1516] 20 Dec 02:17:27.115 # Redis is now ready to exit, bye bye...
[21632] 22 Dec 14:01:33.487 # oO0OoO0OoO0Oo Redis is starting oO0OoO0OoO0Oo
[21632] 22 Dec 14:01:33.488 # Redis version=5.0.14.1, bits=64, commit=ec77f72d, modified=0, pid=21632, just started
[21632] 22 Dec 14:01:33.489 # Configuration loaded
                _._                                                  
           _.-``__ ''-._                                             
      _.-``    `.  `_.  ''-._           Redis 5.0.14.1 (ec77f72d/0) 64 bit
  .-`` .-```.  ```\/    _.,_ ''-._                                   
 (    '      ,       .-`  | `,    )     Running in standalone mode
 |`-._`-...-` __...-.``-._|'` _.-'|     Port: 6379
 |    `-._   `._    /     _.-'    |     PID: 21632
  `-._    `-._  `-./  _.-'    _.-'                                   
 |`-._`-._    `-.__.-'    _.-'_.-'|                                  
 |    `-._`-._        _.-'_.-'    |           http://redis.io        
  `-._    `-._`-.__.-'_.-'    _.-'                                   
 |`-._`-._    `-.__.-'    _.-'_.-'|                                  
 |    `-._`-._        _.-'_.-'    |                                  
  `-._    `-._`-.__.-'_.-'    _.-'                                   
      `-._    `-.__.-'    _.-'                                       
          `-._        _.-'                                           
              `-.__.-'                                               

[21632] 22 Dec 14:01:33.493 # Server initialized
[21632] 22 Dec 14:01:33.493 * Ready to accept connections
[21632] 22 Dec 14:06:01.080 # User requested shutdown...
[21632] 22 Dec 14:06:01.081 # Redis is now ready to exit, bye bye...
[27264] 22 Dec 15:15:07.386 # oO0OoO0OoO0Oo Redis is starting oO0OoO0OoO0Oo
[27264] 22 Dec 15:15:07.389 # Redis version=5.0.14.1, bits=64, commit=ec77f72d, modified=0, pid=27264, just started
[27264] 22 Dec 15:15:07.390 # Configuration loaded
                _._                                                  
           _.-``__ ''-._                                             
      _.-``    `.  `_.  ''-._           Redis 5.0.14.1 (ec77f72d/0) 64 bit
  .-`` .-```.  ```\/    _.,_ ''-._                                   
 (    '      ,       .-`  | `,    )     Running in standalone mode
 |`-._`-...-` __...-.``-._|'` _.-'|     Port: 6379
 |    `-._   `._    /     _.-'    |     PID: 27264
  `-._    `-._  `-./  _.-'    _.-'                                   
 |`-._`-._    `-.__.-'    _.-'_.-'|                                  
 |    `-._`-._        _.-'_.-'    |           http://redis.io        
  `-._    `-._`-.__.-'_.-'    _.-'                                   
 |`-._`-._    `-.__.-'    _.-'_.-'|                                  
 |    `-._`-._        _.-'_.-'    |                                  
  `-._    `-._`-.__.-'_.-'    _.-'                                   
      `-._    `-.__.-'    _.-'                                       
          `-._        _.-'                                           
              `-.__.-'                                               

[27264] 22 Dec 15:15:07.394 # Server initialized
[27264] 22 Dec 15:15:07.394 * Ready to accept connections
[27264] 22 Dec 15:20:49.054 # User requested shutdown...
[27264] 22 Dec 15:20:49.056 # Redis is now ready to exit, bye bye...
[20696] 22 Dec 21:13:20.036 # oO0OoO0OoO0Oo Redis is starting oO0OoO0OoO0Oo
[20696] 22 Dec 21:13:20.038 # Redis version=5.0.14.1, bits=64, commit=ec77f72d, modified=0, pid=20696, just started
[20696] 22 Dec 21:13:20.038 # Configuration loaded
                _._                                                  
           _.-``__ ''-._                                             
      _.-``    `.  `_.  ''-._           Redis 5.0.14.1 (ec77f72d/0) 64 bit
  .-`` .-```.  ```\/    _.,_ ''-._                                   
 (    '      ,       .-`  | `,    )     Running in standalone mode
 |`-._`-...-` __...-.``-._|'` _.-'|     Port: 6379
 |    `-._   `._    /     _.-'    |     PID: 20696
  `-._    `-._  `-./  _.-'    _.-'                                   
 |`-._`-._    `-.__.-'    _.-'_.-'|                                  
 |    `-._`-._        _.-'_.-'    |           http://redis.io        
  `-._    `-._`-.__.-'_.-'    _.-'                                   
 |`-._`-._    `-.__.-'    _.-'_.-'|                                  
 |    `-._`-._        _.-'_.-'    |                                  
  `-._    `-._`-.__.-'_.-'    _.-'                                   
      `-._    `-.__.-'    _.-'                                       
          `-._        _.-'                                           
              `-.__.-'                                               

[20696] 22 Dec 21:13:20.043 # Server initialized
[20696] 22 Dec 21:13:20.044 * Ready to accept connections
[20696] 22 Dec 21:53:17.382 # User requested shutdown...
[20696] 22 Dec 21:53:17.383 # Redis is now ready to exit, bye bye...
[29592] 22 Dec 23:06:58.601 # oO0OoO0OoO0Oo Redis is starting oO0OoO0OoO0Oo
[29592] 22 Dec 23:06:58.603 # Redis version=5.0.14.1, bits=64, commit=ec77f72d, modified=0, pid=29592, just started
[29592] 22 Dec 23:06:58.603 # Configuration loaded
                _._                                                  
           _.-``__ ''-._                                             
      _.-``    `.  `_.  ''-._           Redis 5.0.14.1 (ec77f72d/0) 64 bit
  .-`` .-```.  ```\/    _.,_ ''-._                                   
 (    '      ,       .-`  | `,    )     Running in standalone mode
 |`-._`-...-` __...-.``-._|'` _.-'|     Port: 6379
 |    `-._   `._    /     _.-'    |     PID: 29592
  `-._    `-._  `-./  _.-'    _.-'                                   
 |`-._`-._    `-.__.-'    _.-'_.-'|                                  
 |    `-._`-._        _.-'_.-'    |           http://redis.io        
  `-._    `-._`-.__.-'_.-'    _.-'                                   
 |`-._`-._    `-.__.-'    _.-'_.-'|                                  
 |    `-._`-._        _.-'_.-'    |                                  
  `-._    `-._`-.__.-'_.-'    _.-'                                   
      `-._    `-.__.-'    _.-'                                       
          `-._        _.-'                                           
              `-.__.-'                                               

[29592] 22 Dec 23:06:58.608 # Server initialized
[29592] 22 Dec 23:06:58.609 * Ready to accept connections
[18644] 23 Dec 20:57:01.615 # oO0OoO0OoO0Oo Redis is starting oO0OoO0OoO0Oo
[18644] 23 Dec 20:57:01.616 # Redis version=5.0.14.1, bits=64, commit=ec77f72d, modified=0, pid=18644, just started
[18644] 23 Dec 20:57:01.616 # Configuration loaded
                _._                                                  
           _.-``__ ''-._                                             
      _.-``    `.  `_.  ''-._           Redis 5.0.14.1 (ec77f72d/0) 64 bit
  .-`` .-```.  ```\/    _.,_ ''-._                                   
 (    '      ,       .-`  | `,    )     Running in standalone mode
 |`-._`-...-` __...-.``-._|'` _.-'|     Port: 6379
 |    `-._   `._    /     _.-'    |     PID: 18644
  `-._    `-._  `-./  _.-'    _.-'                                   
 |`-._`-._    `-.__.-'    _.-'_.-'|                                  
 |    `-._`-._        _.-'_.-'    |           http://redis.io        
  `-._    `-._`-.__.-'_.-'    _.-'                                   
 |`-._`-._    `-.__.-'    _.-'_.-'|                                  
 |    `-._`-._        _.-'_.-'    |                                  
  `-._    `-._`-.__.-'_.-'    _.-'                                   
      `-._    `-.__.-'    _.-'                                       
          `-._        _.-'                                           
              `-.__.-'                                               

[18644] 23 Dec 20:57:01.621 # Server initialized
[18644] 23 Dec 20:57:01.622 * Ready to accept connections
[484] 24 Dec 20:47:53.405 # oO0OoO0OoO0Oo Redis is starting oO0OoO0OoO0Oo
[484] 24 Dec 20:47:53.407 # Redis version=5.0.14.1, bits=64, commit=ec77f72d, modified=0, pid=484, just started
[484] 24 Dec 20:47:53.408 # Configuration loaded
                _._                                                  
           _.-``__ ''-._                                             
      _.-``    `.  `_.  ''-._           Redis 5.0.14.1 (ec77f72d/0) 64 bit
  .-`` .-```.  ```\/    _.,_ ''-._                                   
 (    '      ,       .-`  | `,    )     Running in standalone mode
 |`-._`-...-` __...-.``-._|'` _.-'|     Port: 6379
 |    `-._   `._    /     _.-'    |     PID: 484
  `-._    `-._  `-./  _.-'    _.-'                                   
 |`-._`-._    `-.__.-'    _.-'_.-'|                                  
 |    `-._`-._        _.-'_.-'    |           http://redis.io        
  `-._    `-._`-.__.-'_.-'    _.-'                                   
 |`-._`-._    `-.__.-'    _.-'_.-'|                                  
 |    `-._`-._        _.-'_.-'    |                                  
  `-._    `-._`-.__.-'_.-'    _.-'                                   
      `-._    `-.__.-'    _.-'                                       
          `-._        _.-'                                           
              `-.__.-'                                               

[484] 24 Dec 20:47:53.411 # Server initialized
[484] 24 Dec 20:47:53.412 * Ready to accept connections
[484] 24 Dec 20:53:16.479 # User requested shutdown...
[484] 24 Dec 20:53:16.480 # Redis is now ready to exit, bye bye...
[18824] 25 Dec 20:41:07.444 # oO0OoO0OoO0Oo Redis is starting oO0OoO0OoO0Oo
[18824] 25 Dec 20:41:07.446 # Redis version=5.0.14.1, bits=64, commit=ec77f72d, modified=0, pid=18824, just started
[18824] 25 Dec 20:41:07.447 # Configuration loaded
                _._                                                  
           _.-``__ ''-._                                             
      _.-``    `.  `_.  ''-._           Redis 5.0.14.1 (ec77f72d/0) 64 bit
  .-`` .-```.  ```\/    _.,_ ''-._                                   
 (    '      ,       .-`  | `,    )     Running in standalone mode
 |`-._`-...-` __...-.``-._|'` _.-'|     Port: 6379
 |    `-._   `._    /     _.-'    |     PID: 18824
  `-._    `-._  `-./  _.-'    _.-'                                   
 |`-._`-._    `-.__.-'    _.-'_.-'|                                  
 |    `-._`-._        _.-'_.-'    |           http://redis.io        
  `-._    `-._`-.__.-'_.-'    _.-'                                   
 |`-._`-._    `-.__.-'    _.-'_.-'|                                  
 |    `-._`-._        _.-'_.-'    |                                  
  `-._    `-._`-.__.-'_.-'    _.-'                                   
      `-._    `-.__.-'    _.-'                                       
          `-._        _.-'                                           
              `-.__.-'                                               

[18824] 25 Dec 20:41:07.452 # Server initialized
[18824] 25 Dec 20:41:07.453 * Ready to accept connections
[18824] 25 Dec 20:51:06.017 # User requested shutdown...
[18824] 25 Dec 20:51:06.018 # Redis is now ready to exit, bye bye...
[8320] 25 Dec 20:51:52.298 # oO0OoO0OoO0Oo Redis is starting oO0OoO0OoO0Oo
[8320] 25 Dec 20:51:52.300 # Redis version=5.0.14.1, bits=64, commit=ec77f72d, modified=0, pid=8320, just started
[8320] 25 Dec 20:51:52.300 # Configuration loaded
                _._                                                  
           _.-``__ ''-._                                             
      _.-``    `.  `_.  ''-._           Redis 5.0.14.1 (ec77f72d/0) 64 bit
  .-`` .-```.  ```\/    _.,_ ''-._                                   
 (    '      ,       .-`  | `,    )     Running in standalone mode
 |`-._`-...-` __...-.``-._|'` _.-'|     Port: 6379
 |    `-._   `._    /     _.-'    |     PID: 8320
  `-._    `-._  `-./  _.-'    _.-'                                   
 |`-._`-._    `-.__.-'    _.-'_.-'|                                  
 |    `-._`-._        _.-'_.-'    |           http://redis.io        
  `-._    `-._`-.__.-'_.-'    _.-'                                   
 |`-._`-._    `-.__.-'    _.-'_.-'|                                  
 |    `-._`-._        _.-'_.-'    |                                  
  `-._    `-._`-.__.-'_.-'    _.-'                                   
      `-._    `-.__.-'    _.-'                                       
          `-._        _.-'                                           
              `-.__.-'                                               

[8320] 25 Dec 20:51:52.303 # Server initialized
[8320] 25 Dec 20:51:52.304 * Ready to accept connections
[8320] 25 Dec 20:55:15.067 # User requested shutdown...
[8320] 25 Dec 20:55:15.068 # Redis is now ready to exit, bye bye...
[23264] 25 Dec 20:55:51.268 # oO0OoO0OoO0Oo Redis is starting oO0OoO0OoO0Oo
[23264] 25 Dec 20:55:51.270 # Redis version=5.0.14.1, bits=64, commit=ec77f72d, modified=0, pid=23264, just started
[23264] 25 Dec 20:55:51.270 # Configuration loaded
                _._                                                  
           _.-``__ ''-._                                             
      _.-``    `.  `_.  ''-._           Redis 5.0.14.1 (ec77f72d/0) 64 bit
  .-`` .-```.  ```\/    _.,_ ''-._                                   
 (    '      ,       .-`  | `,    )     Running in standalone mode
 |`-._`-...-` __...-.``-._|'` _.-'|     Port: 6379
 |    `-._   `._    /     _.-'    |     PID: 23264
  `-._    `-._  `-./  _.-'    _.-'                                   
 |`-._`-._    `-.__.-'    _.-'_.-'|                                  
 |    `-._`-._        _.-'_.-'    |           http://redis.io        
  `-._    `-._`-.__.-'_.-'    _.-'                                   
 |`-._`-._    `-.__.-'    _.-'_.-'|                                  
 |    `-._`-._        _.-'_.-'    |                                  
  `-._    `-._`-.__.-'_.-'    _.-'                                   
      `-._    `-.__.-'    _.-'                                       
          `-._        _.-'                                           
              `-.__.-'                                               

[23264] 25 Dec 20:55:51.275 # Server initialized
[23264] 25 Dec 20:55:51.277 * Ready to accept connections
[8168] 25 Dec 21:53:08.351 # oO0OoO0OoO0Oo Redis is starting oO0OoO0OoO0Oo
[8168] 25 Dec 21:53:08.352 # Redis version=5.0.14.1, bits=64, commit=ec77f72d, modified=0, pid=8168, just started
[8168] 25 Dec 21:53:08.353 # Configuration loaded
                _._                                                  
           _.-``__ ''-._                                             
      _.-``    `.  `_.  ''-._           Redis 5.0.14.1 (ec77f72d/0) 64 bit
  .-`` .-```.  ```\/    _.,_ ''-._                                   
 (    '      ,       .-`  | `,    )     Running in standalone mode
 |`-._`-...-` __...-.``-._|'` _.-'|     Port: 6379
 |    `-._   `._    /     _.-'    |     PID: 8168
  `-._    `-._  `-./  _.-'    _.-'                                   
 |`-._`-._    `-.__.-'    _.-'_.-'|                                  
 |    `-._`-._        _.-'_.-'    |           http://redis.io        
  `-._    `-._`-.__.-'_.-'    _.-'                                   
 |`-._`-._    `-.__.-'    _.-'_.-'|                                  
 |    `-._`-._        _.-'_.-'    |                                  
  `-._    `-._`-.__.-'_.-'    _.-'                                   
      `-._    `-.__.-'    _.-'                                       
          `-._        _.-'                                           
              `-.__.-'                                               

[8168] 25 Dec 21:53:08.357 # Server initialized
[8168] 25 Dec 21:53:08.358 * Ready to accept connections
[8168] 25 Dec 22:14:32.056 # User requested shutdown...
[8168] 25 Dec 22:14:32.057 # Redis is now ready to exit, bye bye...
[29500] 25 Dec 22:16:00.188 # oO0OoO0OoO0Oo Redis is starting oO0OoO0OoO0Oo
[29500] 25 Dec 22:16:00.190 # Redis version=5.0.14.1, bits=64, commit=ec77f72d, modified=0, pid=29500, just started
[29500] 25 Dec 22:16:00.191 # Configuration loaded
                _._                                                  
           _.-``__ ''-._                                             
      _.-``    `.  `_.  ''-._           Redis 5.0.14.1 (ec77f72d/0) 64 bit
  .-`` .-```.  ```\/    _.,_ ''-._                                   
 (    '      ,       .-`  | `,    )     Running in standalone mode
 |`-._`-...-` __...-.``-._|'` _.-'|     Port: 6379
 |    `-._   `._    /     _.-'    |     PID: 29500
  `-._    `-._  `-./  _.-'    _.-'                                   
 |`-._`-._    `-.__.-'    _.-'_.-'|                                  
 |    `-._`-._        _.-'_.-'    |           http://redis.io        
  `-._    `-._`-.__.-'_.-'    _.-'                                   
 |`-._`-._    `-.__.-'    _.-'_.-'|                                  
 |    `-._`-._        _.-'_.-'    |                                  
  `-._    `-._`-.__.-'_.-'    _.-'                                   
      `-._    `-.__.-'    _.-'                                       
          `-._        _.-'                                           
              `-.__.-'                                               

[29500] 25 Dec 22:16:00.196 # Server initialized
[29500] 25 Dec 22:16:00.197 * Ready to accept connections
[29500] 25 Dec 22:31:10.378 # User requested shutdown...
[29500] 25 Dec 22:31:10.380 # Redis is now ready to exit, bye bye...
[13496] 25 Dec 22:40:39.583 # oO0OoO0OoO0Oo Redis is starting oO0OoO0OoO0Oo
[13496] 25 Dec 22:40:39.585 # Redis version=5.0.14.1, bits=64, commit=ec77f72d, modified=0, pid=13496, just started
[13496] 25 Dec 22:40:39.586 # Configuration loaded
                _._                                                  
           _.-``__ ''-._                                             
      _.-``    `.  `_.  ''-._           Redis 5.0.14.1 (ec77f72d/0) 64 bit
  .-`` .-```.  ```\/    _.,_ ''-._                                   
 (    '      ,       .-`  | `,    )     Running in standalone mode
 |`-._`-...-` __...-.``-._|'` _.-'|     Port: 6379
 |    `-._   `._    /     _.-'    |     PID: 13496
  `-._    `-._  `-./  _.-'    _.-'                                   
 |`-._`-._    `-.__.-'    _.-'_.-'|                                  
 |    `-._`-._        _.-'_.-'    |           http://redis.io        
  `-._    `-._`-.__.-'_.-'    _.-'                                   
 |`-._`-._    `-.__.-'    _.-'_.-'|                                  
 |    `-._`-._        _.-'_.-'    |                                  
  `-._    `-._`-.__.-'_.-'    _.-'                                   
      `-._    `-.__.-'    _.-'                                       
          `-._        _.-'                                           
              `-.__.-'                                               

[13496] 25 Dec 22:40:39.592 # Server initialized
[13496] 25 Dec 22:40:39.593 * Ready to accept connections
[23492] 25 Dec 22:43:08.018 # oO0OoO0OoO0Oo Redis is starting oO0OoO0OoO0Oo
[23492] 25 Dec 22:43:08.023 # Redis version=5.0.14.1, bits=64, commit=ec77f72d, modified=0, pid=23492, just started
[23492] 25 Dec 22:43:08.023 # Configuration loaded
                _._                                                  
           _.-``__ ''-._                                             
      _.-``    `.  `_.  ''-._           Redis 5.0.14.1 (ec77f72d/0) 64 bit
  .-`` .-```.  ```\/    _.,_ ''-._                                   
 (    '      ,       .-`  | `,    )     Running in standalone mode
 |`-._`-...-` __...-.``-._|'` _.-'|     Port: 6379
 |    `-._   `._    /     _.-'    |     PID: 23492
  `-._    `-._  `-./  _.-'    _.-'                                   
 |`-._`-._    `-.__.-'    _.-'_.-'|                                  
 |    `-._`-._        _.-'_.-'    |           http://redis.io        
  `-._    `-._`-.__.-'_.-'    _.-'                                   
 |`-._`-._    `-.__.-'    _.-'_.-'|                                  
 |    `-._`-._        _.-'_.-'    |                                  
  `-._    `-._`-.__.-'_.-'    _.-'                                   
      `-._    `-.__.-'    _.-'                                       
          `-._        _.-'                                           
              `-.__.-'                                               

[23492] 25 Dec 22:43:08.031 # Server initialized
[23492] 25 Dec 22:43:08.032 * Ready to accept connections
[19952] 25 Dec 22:44:10.344 # oO0OoO0OoO0Oo Redis is starting oO0OoO0OoO0Oo
[19952] 25 Dec 22:44:10.349 # Redis version=5.0.14.1, bits=64, commit=ec77f72d, modified=0, pid=19952, just started
[19952] 25 Dec 22:44:10.349 # Configuration loaded
                _._                                                  
           _.-``__ ''-._                                             
      _.-``    `.  `_.  ''-._           Redis 5.0.14.1 (ec77f72d/0) 64 bit
  .-`` .-```.  ```\/    _.,_ ''-._                                   
 (    '      ,       .-`  | `,    )     Running in standalone mode
 |`-._`-...-` __...-.``-._|'` _.-'|     Port: 6379
 |    `-._   `._    /     _.-'    |     PID: 19952
  `-._    `-._  `-./  _.-'    _.-'                                   
 |`-._`-._    `-.__.-'    _.-'_.-'|                                  
 |    `-._`-._        _.-'_.-'    |           http://redis.io        
  `-._    `-._`-.__.-'_.-'    _.-'                                   
 |`-._`-._    `-.__.-'    _.-'_.-'|                                  
 |    `-._`-._        _.-'_.-'    |                                  
  `-._    `-._`-.__.-'_.-'    _.-'                                   
      `-._    `-.__.-'    _.-'                                       
          `-._        _.-'                                           
              `-.__.-'                                               

[19952] 25 Dec 22:44:10.355 # Server initialized
[19952] 25 Dec 22:44:10.355 * Ready to accept connections
[33628] 25 Dec 22:46:47.767 # oO0OoO0OoO0Oo Redis is starting oO0OoO0OoO0Oo
[33628] 25 Dec 22:46:47.769 # Redis version=5.0.14.1, bits=64, commit=ec77f72d, modified=0, pid=33628, just started
[33628] 25 Dec 22:46:47.769 # Configuration loaded
                _._                                                  
           _.-``__ ''-._                                             
      _.-``    `.  `_.  ''-._           Redis 5.0.14.1 (ec77f72d/0) 64 bit
  .-`` .-```.  ```\/    _.,_ ''-._                                   
 (    '      ,       .-`  | `,    )     Running in standalone mode
 |`-._`-...-` __...-.``-._|'` _.-'|     Port: 6379
 |    `-._   `._    /     _.-'    |     PID: 33628
  `-._    `-._  `-./  _.-'    _.-'                                   
 |`-._`-._    `-.__.-'    _.-'_.-'|                                  
 |    `-._`-._        _.-'_.-'    |           http://redis.io        
  `-._    `-._`-.__.-'_.-'    _.-'                                   
 |`-._`-._    `-.__.-'    _.-'_.-'|                                  
 |    `-._`-._        _.-'_.-'    |                                  
  `-._    `-._`-.__.-'_.-'    _.-'                                   
      `-._    `-.__.-'    _.-'                                       
          `-._        _.-'                                           
              `-.__.-'                                               

[33628] 25 Dec 22:46:47.774 # Server initialized
[33628] 25 Dec 22:46:47.775 * Ready to accept connections
[33628] 25 Dec 23:01:34.553 # User requested shutdown...
[33628] 25 Dec 23:01:34.554 # Redis is now ready to exit, bye bye...
[30536] 25 Dec 23:02:37.715 # oO0OoO0OoO0Oo Redis is starting oO0OoO0OoO0Oo
[30536] 25 Dec 23:02:37.716 # Redis version=5.0.14.1, bits=64, commit=ec77f72d, modified=0, pid=30536, just started
[30536] 25 Dec 23:02:37.717 # Configuration loaded
                _._                                                  
           _.-``__ ''-._                                             
      _.-``    `.  `_.  ''-._           Redis 5.0.14.1 (ec77f72d/0) 64 bit
  .-`` .-```.  ```\/    _.,_ ''-._                                   
 (    '      ,       .-`  | `,    )     Running in standalone mode
 |`-._`-...-` __...-.``-._|'` _.-'|     Port: 6379
 |    `-._   `._    /     _.-'    |     PID: 30536
  `-._    `-._  `-./  _.-'    _.-'                                   
 |`-._`-._    `-.__.-'    _.-'_.-'|                                  
 |    `-._`-._        _.-'_.-'    |           http://redis.io        
  `-._    `-._`-.__.-'_.-'    _.-'                                   
 |`-._`-._    `-.__.-'    _.-'_.-'|                                  
 |    `-._`-._        _.-'_.-'    |                                  
  `-._    `-._`-.__.-'_.-'    _.-'                                   
      `-._    `-.__.-'    _.-'                                       
          `-._        _.-'                                           
              `-.__.-'                                               

[30536] 25 Dec 23:02:37.722 # Server initialized
[30536] 25 Dec 23:02:37.722 * Ready to accept connections
[30536] 25 Dec 23:17:48.792 # User requested shutdown...
[30536] 25 Dec 23:17:48.793 # Redis is now ready to exit, bye bye...
[23184] 25 Dec 23:18:08.141 # oO0OoO0OoO0Oo Redis is starting oO0OoO0OoO0Oo
[23184] 25 Dec 23:18:08.144 # Redis version=5.0.14.1, bits=64, commit=ec77f72d, modified=0, pid=23184, just started
[23184] 25 Dec 23:18:08.144 # Configuration loaded
                _._                                                  
           _.-``__ ''-._                                             
      _.-``    `.  `_.  ''-._           Redis 5.0.14.1 (ec77f72d/0) 64 bit
  .-`` .-```.  ```\/    _.,_ ''-._                                   
 (    '      ,       .-`  | `,    )     Running in standalone mode
 |`-._`-...-` __...-.``-._|'` _.-'|     Port: 6379
 |    `-._   `._    /     _.-'    |     PID: 23184
  `-._    `-._  `-./  _.-'    _.-'                                   
 |`-._`-._    `-.__.-'    _.-'_.-'|                                  
 |    `-._`-._        _.-'_.-'    |           http://redis.io        
  `-._    `-._`-.__.-'_.-'    _.-'                                   
 |`-._`-._    `-.__.-'    _.-'_.-'|                                  
 |    `-._`-._        _.-'_.-'    |                                  
  `-._    `-._`-.__.-'_.-'    _.-'                                   
      `-._    `-.__.-'    _.-'                                       
          `-._        _.-'                                           
              `-.__.-'                                               

[23184] 25 Dec 23:18:08.150 # Server initialized
[23184] 25 Dec 23:18:08.151 * Ready to accept connections
[23184] 25 Dec 23:23:13.421 # User requested shutdown...
[23184] 25 Dec 23:23:13.422 # Redis is now ready to exit, bye bye...
[19516] 25 Dec 23:28:02.573 # oO0OoO0OoO0Oo Redis is starting oO0OoO0OoO0Oo
[19516] 25 Dec 23:28:02.575 # Redis version=5.0.14.1, bits=64, commit=ec77f72d, modified=0, pid=19516, just started
[19516] 25 Dec 23:28:02.576 # Configuration loaded
                _._                                                  
           _.-``__ ''-._                                             
      _.-``    `.  `_.  ''-._           Redis 5.0.14.1 (ec77f72d/0) 64 bit
  .-`` .-```.  ```\/    _.,_ ''-._                                   
 (    '      ,       .-`  | `,    )     Running in standalone mode
 |`-._`-...-` __...-.``-._|'` _.-'|     Port: 6379
 |    `-._   `._    /     _.-'    |     PID: 19516
  `-._    `-._  `-./  _.-'    _.-'                                   
 |`-._`-._    `-.__.-'    _.-'_.-'|                                  
 |    `-._`-._        _.-'_.-'    |           http://redis.io        
  `-._    `-._`-.__.-'_.-'    _.-'                                   
 |`-._`-._    `-.__.-'    _.-'_.-'|                                  
 |    `-._`-._        _.-'_.-'    |                                  
  `-._    `-._`-.__.-'_.-'    _.-'                                   
      `-._    `-.__.-'    _.-'                                       
          `-._        _.-'                                           
              `-.__.-'                                               

[19516] 25 Dec 23:28:02.581 # Server initialized
[19516] 25 Dec 23:28:02.582 * Ready to accept connections
