2025-03-09 17:42:02,946 - Select - INFO - recv instruct:[
    "{\"type\":\"string\",\"shell\":\"ip a\"}"
]
2025-03-09 17:43:32,073 - Select - INFO - recv instruct:[
    "{\"type\":\"string\",\"shell\":\"ip a\"}"
]
2025-03-09 17:44:34,831 - Select - INFO - recv instruct:[
    "{\"type\":\"string\",\"shell\":\"ip a\"}"
]
2025-03-09 17:45:08,544 - Select - INFO - recv instruct:[
    "{\"type\":\"string\",\"shell\":\"apt --update\"}"
]
2025-03-09 17:46:21,854 - Select - INFO - recv instruct:[
    "{\"type\":\"string\",\"shell\":\"sudo -S apt --update\"}"
]
2025-03-09 17:47:33,766 - Select - INFO - recv instruct:[
    "{\"type\":\"string\",\"shell\":\"sudo -S apt --update\"}"
]
2025-03-09 17:48:53,948 - Select - INFO - recv instruct:[
    "{\"type\":\"string\",\"shell\":\"sudo -S apt --update\"}"
]
2025-03-09 17:49:21,142 - Select - INFO - recv instruct:[
    "{\"type\":\"string\",\"shell\":\"sudo -S apt --update\"}"
]
2025-03-09 17:50:11,575 - Select - INFO - recv instruct:[
    "{\"type\":\"string\",\"shell\":\"sudo -S apt --update\"}"
]
2025-03-09 17:53:07,365 - Select - INFO - recv instruct:[
    "{\"type\":\"string\",\"shell\":\"sudo -S apt --update\"}"
]
2025-03-09 17:53:32,290 - Select - INFO - recv instruct:[
    "{\"type\":\"string\",\"shell\":\"apt --update\"}"
]
2025-03-09 17:54:30,629 - Select - INFO - recv instruct:[
    "{\"type\":\"string\",\"shell\":\"sudo apt --update\"}"
]
2025-03-09 18:03:17,218 - Select - INFO - recv instruct:[
    "{\"type\":\"string\",\"shell\":\"sudo apt-get update\"}"
]
2025-03-09 18:08:49,802 - Select - INFO - recv instruct:[
    "{\"type\":\"string\",\"shell\":\"ip a\"}",
    "{\"type\":\"string\",\"shell\":\"ipconfig\"}"
]
2025-03-09 18:10:21,425 - Select - INFO - recv instruct:[
    "{\"type\":\"string\",\"shell\":\"ls\"}",
    "{\"type\":\"string\",\"shell\":\"dir\"}"
]
